  Camera.cpp
  d3dApp.cpp
C:\Users\andre\Downloads\DirectX\DirectX-master\Game3015_ABoulanger\Game3015_ABoulanger\Common\d3dApp.cpp(198): error C2102: '&' requires l-value
C:\Users\andre\Downloads\DirectX\DirectX-master\Game3015_ABoulanger\Game3015_ABoulanger\Common\d3dApp.cpp(215): error C2102: '&' requires l-value
  d3dUtil.cpp
C:\Users\andre\Downloads\DirectX\DirectX-master\Game3015_ABoulanger\Game3015_ABoulanger\Common\d3dUtil.cpp(30,5): warning C4244: 'argument': conversion from 'std::streamoff' to 'SIZE_T', possible loss of data
C:\Users\andre\Downloads\DirectX\DirectX-master\Game3015_ABoulanger\Game3015_ABoulanger\Common\d3dUtil.cpp(48): error C2102: '&' requires l-value
C:\Users\andre\Downloads\DirectX\DirectX-master\Game3015_ABoulanger\Game3015_ABoulanger\Common\d3dUtil.cpp(58): error C2102: '&' requires l-value
C:\Users\andre\Downloads\DirectX\DirectX-master\Game3015_ABoulanger\Game3015_ABoulanger\Common\d3dUtil.cpp(70,32): warning C4244: '=': conversion from 'UINT64' to 'LONG_PTR', possible loss of data
C:\Users\andre\Downloads\DirectX\DirectX-master\Game3015_ABoulanger\Game3015_ABoulanger\Common\d3dUtil.cpp(76): error C2102: '&' requires l-value
C:\Users\andre\Downloads\DirectX\DirectX-master\Game3015_ABoulanger\Game3015_ABoulanger\Common\d3dUtil.cpp(79): error C2102: '&' requires l-value
  DDSTextureLoader.cpp
C:\Users\andre\Downloads\DirectX\DirectX-master\Game3015_ABoulanger\Game3015_ABoulanger\Common\DDSTextureLoader.cpp(1273): error C2102: '&' requires l-value
C:\Users\andre\Downloads\DirectX\DirectX-master\Game3015_ABoulanger\Game3015_ABoulanger\Common\DDSTextureLoader.cpp(1292): error C2102: '&' requires l-value
C:\Users\andre\Downloads\DirectX\DirectX-master\Game3015_ABoulanger\Game3015_ABoulanger\Common\DDSTextureLoader.cpp(1294): error C2102: '&' requires l-value
C:\Users\andre\Downloads\DirectX\DirectX-master\Game3015_ABoulanger\Game3015_ABoulanger\Common\DDSTextureLoader.cpp(1305): error C2102: '&' requires l-value
C:\Users\andre\Downloads\DirectX\DirectX-master\Game3015_ABoulanger\Game3015_ABoulanger\Common\DDSTextureLoader.cpp(1311): error C2102: '&' requires l-value
  GameTimer.cpp
  GeometryGenerator.cpp
  MathHelper.cpp
  D3D12HelloTriangle.cpp
C:\Users\andre\Downloads\DirectX\DirectX-master\Game3015_ABoulanger\Game3015_ABoulanger\stdafx.h(28,10): fatal error C1083: Cannot open include file: 'd3dx12.h': No such file or directory
  Main.cpp
C:\Users\andre\Downloads\DirectX\DirectX-master\Game3015_ABoulanger\Game3015_ABoulanger\stdafx.h(28,10): fatal error C1083: Cannot open include file: 'd3dx12.h': No such file or directory
  Generating Code...
